<?xml version="1.0" encoding="UTF-8"?>
<!-- Generated by org.testng.reporters.JUnitXMLReporter -->
<testsuite hostname="Tests-MacBook-Pro.local" ignored="3" name="Car Loan" tests="2" failures="0" timestamp="28 Aug 2018 14:01:17 GMT" time="0.007" errors="0">
  <testcase name="LoginAPIhomeLoan" time="0.001" classname="TestNg.DayThree"/>
  <testcase name="webLoginhomeLoan" time="0.001" classname="TestNg.DayThree"/>
  <testcase name="MobilesignouthomeLoan" time="0.0" classname="TestNg.DayThree">
    <ignored/>
  </testcase> <!-- MobilesignouthomeLoan -->
  <testcase name="MobileloginhomeLoan" time="0.0" classname="TestNg.DayThree">
    <ignored/>
  </testcase> <!-- MobileloginhomeLoan -->
  <testcase name="MobilesigninhomeLoan" time="0.0" classname="TestNg.DayThree">
    <ignored/>
  </testcase> <!-- MobilesigninhomeLoan -->
</testsuite> <!-- Car Loan -->
