<?xml version="1.0" encoding="UTF-8"?>
<!-- Generated by org.testng.reporters.JUnitXMLReporter -->
<testsuite hostname="Tests-MacBook-Pro.local" ignored="0" name="Personal Loan" tests="10" failures="0" timestamp="28 Aug 2018 16:57:13 GMT" time="0.083" errors="0">
  <testcase name="demo" time="0.005" classname="TestNg.DayOne"/>
  <testcase name="secondTest" time="0.002" classname="TestNg.DayOne"/>
  <testcase name="ploan" time="0.002" classname="TestNg.DayTwo"/>
  <testcase name="demo" time="0.001" classname="TestNg.DayFour"/>
  <testcase name="secondTest" time="0.002" classname="TestNg.DayFour"/>
  <testcase name="LoginAPIhomeLoan" time="0.001" classname="TestNg.DayThree"/>
  <testcase name="MobileloginhomeLoan" time="0.003" classname="TestNg.DayThree"/>
  <testcase name="MobilesigninhomeLoan" time="0.001" classname="TestNg.DayThree"/>
  <testcase name="MobilesignouthomeLoan" time="0.001" classname="TestNg.DayThree"/>
  <testcase name="webLoginhomeLoan" time="0.001" classname="TestNg.DayThree"/>
</testsuite> <!-- Personal Loan -->
