<?xml version="1.0" encoding="UTF-8"?>
<!-- Generated by org.testng.reporters.JUnitXMLReporter -->
<testsuite hostname="Tests-MacBook-Pro.local" ignored="0" name="Car Loan" tests="5" failures="0" timestamp="28 Aug 2018 15:02:42 GMT" time="0.036" errors="0">
  <testcase name="LoginAPIhomeLoan" time="0.002" classname="TestNg.DayThree"/>
  <testcase name="MobileloginhomeLoan" time="0.002" classname="TestNg.DayThree"/>
  <testcase name="MobilesigninhomeLoan" time="0.001" classname="TestNg.DayThree"/>
  <testcase name="MobilesignouthomeLoan" time="0.002" classname="TestNg.DayThree"/>
  <testcase name="webLoginhomeLoan" time="0.001" classname="TestNg.DayThree"/>
</testsuite> <!-- Car Loan -->
