<?xml version="1.0" encoding="UTF-8"?>
<!-- Generated by org.testng.reporters.JUnitXMLReporter -->
<testsuite hostname="Tests-MacBook-Pro.local" ignored="1" name="Personal Loan" tests="4" failures="0" timestamp="28 Aug 2018 15:02:42 GMT" time="0.046" errors="0">
  <testcase name="demo" time="0.009" classname="TestNg.DayOne"/>
  <testcase name="ploan" time="0.002" classname="TestNg.DayTwo"/>
  <testcase name="demo" time="0.001" classname="TestNg.DayFour"/>
  <testcase name="secondTest" time="0.001" classname="TestNg.DayFour"/>
  <testcase name="secondTest" time="0.0" classname="TestNg.DayOne">
    <ignored/>
  </testcase> <!-- secondTest -->
</testsuite> <!-- Personal Loan -->
