<?xml version="1.0" encoding="UTF-8"?>
<!-- Generated by org.testng.reporters.JUnitXMLReporter -->
<testsuite hostname="Tests-MacBook-Pro.local" ignored="6" name="Regression" tests="4" failures="0" timestamp="28 Aug 2018 15:41:17 GMT" time="0.06" errors="0">
  <testcase name="secondTest" time="0.012" classname="TestNg.DayOne"/>
  <testcase name="ploan" time="0.001" classname="TestNg.DayTwo"/>
  <testcase name="demo" time="0.002" classname="TestNg.DayFour"/>
  <testcase name="LoginAPIhomeLoan" time="0.002" classname="TestNg.DayThree"/>
  <testcase name="MobilesignouthomeLoan" time="0.0" classname="TestNg.DayThree">
    <ignored/>
  </testcase> <!-- MobilesignouthomeLoan -->
  <testcase name="demo" time="0.0" classname="TestNg.DayOne">
    <ignored/>
  </testcase> <!-- demo -->
  <testcase name="secondTest" time="0.0" classname="TestNg.DayFour">
    <ignored/>
  </testcase> <!-- secondTest -->
  <testcase name="webLoginhomeLoan" time="0.0" classname="TestNg.DayThree">
    <ignored/>
  </testcase> <!-- webLoginhomeLoan -->
  <testcase name="MobileloginhomeLoan" time="0.0" classname="TestNg.DayThree">
    <ignored/>
  </testcase> <!-- MobileloginhomeLoan -->
  <testcase name="MobilesigninhomeLoan" time="0.0" classname="TestNg.DayThree">
    <ignored/>
  </testcase> <!-- MobilesigninhomeLoan -->
</testsuite> <!-- Regression -->
