<?xml version="1.0" encoding="UTF-8"?>
<!-- Generated by org.testng.reporters.JUnitXMLReporter -->
<testsuite hostname="Tests-MacBook-Pro.local" ignored="0" name="Default test" tests="4" failures="0" timestamp="28 Aug 2018 18:09:30 GMT" time="18.48" errors="0">
  <testcase name="One" time="7.584" classname="OrangeHRM.BaseClass"/>
  <testcase name="One" time="5.37" classname="OrangeHRM.BaseClass"/>
  <testcase name="One" time="5.49" classname="OrangeHRM.BaseClass"/>
  <testcase name="Two" time="0.001" classname="OrangeHRM.BaseClass"/>
</testsuite> <!-- Default test -->
